<?xml version="1.0" encoding="UTF-8"?>
<TestRun id="1bd51efc-196a-474c-a751-5236968ae5c5" name="Kiran@INPUN-58KCT12 2020-03-23 15:55:49" runUser="INPUN-58KCT12\Kiran" xmlns="http://microsoft.com/schemas/VisualStudio/TeamTest/2010">
  <TestSettings name="Default Test Settings" id="c408adbd-e490-43bf-909e-ef587c70cb93">
    <Execution>
      <TestTypeSpecific />
      <AgentRule name="Execution Agents">
      </AgentRule>
    </Execution>
    <Deployment runDeploymentRoot="Kiran_INPUN-58KCT12 2020-03-23 15_55_49" />
    <Properties />
  </TestSettings>
  <Times creation="2020-03-23T15:55:49.3872783+05:30" queuing="2020-03-23T15:55:52.8274750+05:30" start="2020-03-23T15:55:53.2064967+05:30" finish="2020-03-23T15:55:54.6415788+05:30" />
  <ResultSummary outcome="Failed">
    <Counters total="1" executed="1" error="0" failed="1" timeout="0" aborted="0" inconclusive="0" passedButRunAborted="0" notRunnable="0" notExecuted="0" disconnected="0" warning="0" passed="0" completed="0" inProgress="0" pending="0" />
  </ResultSummary>
  <TestDefinitions>
    <UnitTest name="DebitTest" storage="bankcstests1.dll" id="a8333655-7ca4-639b-b5f4-056aacbef7d8">
      <Execution id="4f75cfd7-b913-4594-9c3a-22e660e376ba" />
      <TestMethod codeBase="C:/Users/Kiran/Desktop/MSTest/kiran/BankCS/BankCSTests1/bin/Debug/BankCSTests1.dll" adapterTypeName="Microsoft.VisualStudio.TestTools.TestTypes.Unit.UnitTestAdapter, Microsoft.VisualStudio.QualityTools.Tips.UnitTest.Adapter, Version=14.0.0.0, Culture=neutral, PublicKeyToken=b03f5f7f11d50a3a" className="BankAccountNS.Tests.BankAccountTests, BankCSTests1, Version=1.0.0.0, Culture=neutral, PublicKeyToken=null" name="DebitTest" />
    </UnitTest>
  </TestDefinitions>
  <TestLists>
    <TestList name="Results Not in a List" id="8c84fa94-04c1-424b-9868-57a2d4851a1d" />
    <TestList name="All Loaded Results" id="19431567-8539-422a-85d7-44ee4e166bda" />
  </TestLists>
  <TestEntries>
    <TestEntry testId="a8333655-7ca4-639b-b5f4-056aacbef7d8" executionId="4f75cfd7-b913-4594-9c3a-22e660e376ba" testListId="8c84fa94-04c1-424b-9868-57a2d4851a1d" />
  </TestEntries>
  <Results>
    <UnitTestResult executionId="4f75cfd7-b913-4594-9c3a-22e660e376ba" testId="a8333655-7ca4-639b-b5f4-056aacbef7d8" testName="DebitTest" computerName="INPUN-58KCT12" duration="00:00:00.0784374" startTime="2020-03-23T15:55:53.4555109+05:30" endTime="2020-03-23T15:55:54.5245721+05:30" testType="13cdc9d9-ddb5-4fa4-a97d-d965ccfc6d4b" outcome="Failed" testListId="8c84fa94-04c1-424b-9868-57a2d4851a1d" relativeResultsDirectory="4f75cfd7-b913-4594-9c3a-22e660e376ba">
      <Output>
        <ErrorInfo>
          <Message>Assert.Fail failed. </Message>
          <StackTrace>   at BankAccountNS.Tests.BankAccountTests.DebitTest() in C:\Users\Kiran\Desktop\MSTest\kiran\BankCS\BankCSTests1\BankAccountTests.cs:line 19
</StackTrace>
        </ErrorInfo>
      </Output>
    </UnitTestResult>
  </Results>
</TestRun>